<testsuite name="Mocha Tests" tests="1" failures="1" errors="1" skipped="0" timestamp="Sun, 15 Dec 2013 20:16:21 GMT" time="0.003">
<testcase classname="SeriesProcessor" name="should exist" time="0.001" message="expected 0 to deeply equal 33"><failure classname="SeriesProcessor" name="should exist" time="0.001" message="expected 0 to deeply equal 33"><![CDATA[AssertionError: expected 0 to deeply equal 33]]></failure></testcase>
</testsuite>
